2023-03-18 13:20:59,029 [INFO] Activator:176 - 


2023-03-18 13:20:59,037 [INFO] Activator:177 - !SESSION log4j initialized
2023-03-18 13:21:04,199 [INFO] LogOutputStream:77 - [STDOUT_REDIRECT] 
2023-03-18 13:21:25,801 [ERROR] LogOutputStream:75 - [STDERR_REDIRECT] SLF4J: Failed to load class "org.slf4j.impl.StaticLoggerBinder".
2023-03-18 13:21:25,801 [ERROR] LogOutputStream:75 - [STDERR_REDIRECT] SLF4J: Defaulting to no-operation (NOP) logger implementation
2023-03-18 13:21:25,801 [ERROR] LogOutputStream:75 - [STDERR_REDIRECT] SLF4J: See http://www.slf4j.org/codes.html#StaticLoggerBinder for further details.
2023-03-18 13:26:29,205 [INFO] Activator:176 - 


2023-03-18 13:26:29,205 [INFO] Activator:177 - !SESSION log4j initialized
2023-03-18 13:26:31,838 [INFO] LogOutputStream:77 - [STDOUT_REDIRECT] 
2023-03-18 13:27:06,890 [ERROR] LogOutputStream:75 - [STDERR_REDIRECT] SLF4J: Failed to load class "org.slf4j.impl.StaticLoggerBinder".
2023-03-18 13:27:06,890 [ERROR] LogOutputStream:75 - [STDERR_REDIRECT] SLF4J: Defaulting to no-operation (NOP) logger implementation
2023-03-18 13:27:06,890 [ERROR] LogOutputStream:75 - [STDERR_REDIRECT] SLF4J: See http://www.slf4j.org/codes.html#StaticLoggerBinder for further details.
2023-03-18 19:20:36,133 [INFO] Activator:176 - 


2023-03-18 19:20:36,133 [INFO] Activator:177 - !SESSION log4j initialized
2023-03-18 19:20:42,449 [INFO] LogOutputStream:77 - [STDOUT_REDIRECT] 
2023-03-18 19:20:53,214 [INFO] ApplicationProperties:184 - Using Application install path: C:\ST\STM32CubeIDE_1.12.0\STM32CubeIDE\plugins\com.st.stm32cube.common.mx_6.8.0.202302231600
2023-03-18 19:20:53,245 [INFO] DbMcusXml:78 - Set database path to: C:\ST\STM32CubeIDE_1.12.0\STM32CubeIDE\plugins\com.st.stm32cube.common.mx_6.8.0.202302231600\\db\/mcu/
2023-03-18 19:20:53,245 [INFO] ApiDb:274 - Set plugin database path to: C:\ST\STM32CubeIDE_1.12.0\STM32CubeIDE\plugins\com.st.stm32cube.common.mx_6.8.0.202302231600\\db\/plugins/boardmanager/
2023-03-18 19:20:53,245 [WARN] ApiDb:259 - Overriding images path with different value:  => C:\ST\STM32CubeIDE_1.12.0\STM32CubeIDE\plugins\com.st.stm32cube.common.mx_6.8.0.202302231600\\db\/plugins/mcufinder/images/
2023-03-18 19:20:53,277 [INFO] ApiDb:250 - Set database path to: C:\Users\divym\.stmcufinder\plugins\mcufinder//mcu/
2023-03-18 19:20:53,277 [INFO] DbMcusAds:125 - Set database path to: C:\Users\divym\.stmcufinder\plugins\mcufinder//mcu/
2023-03-18 19:20:53,277 [INFO] CrossReferenceDbSqlite:203 - Set database path to: C:\Users\divym\.stmcufinder\plugins\mcufinder//mcu/cs/
2023-03-18 19:20:53,403 [INFO] RulesReader:64 - Compatibility file has been processed (293 Rules)
2023-03-18 19:20:53,514 [INFO] DbMcusXml:78 - Set database path to: C:\ST\STM32CubeIDE_1.12.0\STM32CubeIDE\plugins\com.st.stm32cube.common.mx_6.8.0.202302231600\\db\/mcu/
2023-03-18 19:20:53,514 [INFO] ApiDb:274 - Set plugin database path to: C:\ST\STM32CubeIDE_1.12.0\STM32CubeIDE\plugins\com.st.stm32cube.common.mx_6.8.0.202302231600\\db\/plugins/boardmanager/
2023-03-18 19:20:53,527 [INFO] ApiDb:261 - Set plugin images path to: C:\ST\STM32CubeIDE_1.12.0\STM32CubeIDE\plugins\com.st.stm32cube.common.mx_6.8.0.202302231600\\db\/plugins/mcufinder/images/
2023-03-18 19:20:53,527 [WARN] DbFile:41 - Overriding database path with different value: C:\Users\divym\.stmcufinder\plugins\mcufinder/ => C:\Users\divym\.stmcufinder\plugins\mcufinder
2023-03-18 19:20:53,527 [INFO] ApiDb:250 - Set database path to: C:\Users\divym\.stmcufinder\plugins\mcufinder//mcu/
2023-03-18 19:20:53,527 [WARN] DbFile:41 - Overriding database path with different value: C:\Users\divym\.stmcufinder\plugins\mcufinder/ => C:\Users\divym\.stmcufinder\plugins\mcufinder
2023-03-18 19:20:53,527 [INFO] DbMcusAds:125 - Set database path to: C:\Users\divym\.stmcufinder\plugins\mcufinder//mcu/
2023-03-18 19:20:53,527 [WARN] DbFile:41 - Overriding database path with different value: C:\Users\divym\.stmcufinder\plugins\mcufinder/ => C:\Users\divym\.stmcufinder\plugins\mcufinder
2023-03-18 19:20:53,527 [WARN] DbFile:41 - Overriding database path with different value: C:\Users\divym\.stmcufinder\plugins\mcufinder/ => C:\Users\divym\.stmcufinder\plugins\mcufinder
2023-03-18 19:20:53,527 [INFO] CrossReferenceDbSqlite:203 - Set database path to: C:\Users\divym\.stmcufinder\plugins\mcufinder//mcu/cs/
2023-03-18 19:20:53,593 [INFO] MainPanel:253 - HeapMemory: 268435456
2023-03-18 19:20:53,687 [INFO] DbMcusXml:78 - Set database path to: C:\ST\STM32CubeIDE_1.12.0\STM32CubeIDE\plugins\com.st.stm32cube.common.mx_6.8.0.202302231600\\db\/mcu/
2023-03-18 19:20:53,687 [INFO] ApiDb:274 - Set plugin database path to: C:\ST\STM32CubeIDE_1.12.0\STM32CubeIDE\plugins\com.st.stm32cube.common.mx_6.8.0.202302231600\\db\/plugins/boardmanager/
2023-03-18 19:20:53,687 [INFO] ApiDb:261 - Set plugin images path to: C:\ST\STM32CubeIDE_1.12.0\STM32CubeIDE\plugins\com.st.stm32cube.common.mx_6.8.0.202302231600\\db\/plugins/mcufinder/images/
2023-03-18 19:20:53,687 [WARN] DbFile:41 - Overriding database path with different value: C:\Users\divym\.stmcufinder\plugins\mcufinder/ => C:\Users\divym\.stmcufinder\plugins\mcufinder
2023-03-18 19:20:53,687 [INFO] ApiDb:250 - Set database path to: C:\Users\divym\.stmcufinder\plugins\mcufinder//mcu/
2023-03-18 19:20:53,687 [WARN] DbFile:41 - Overriding database path with different value: C:\Users\divym\.stmcufinder\plugins\mcufinder/ => C:\Users\divym\.stmcufinder\plugins\mcufinder
2023-03-18 19:20:53,687 [INFO] DbMcusAds:125 - Set database path to: C:\Users\divym\.stmcufinder\plugins\mcufinder//mcu/
2023-03-18 19:20:53,687 [WARN] DbFile:41 - Overriding database path with different value: C:\Users\divym\.stmcufinder\plugins\mcufinder/ => C:\Users\divym\.stmcufinder\plugins\mcufinder
2023-03-18 19:20:53,687 [WARN] DbFile:41 - Overriding database path with different value: C:\Users\divym\.stmcufinder\plugins\mcufinder/ => C:\Users\divym\.stmcufinder\plugins\mcufinder
2023-03-18 19:20:53,687 [INFO] CrossReferenceDbSqlite:203 - Set database path to: C:\Users\divym\.stmcufinder\plugins\mcufinder//mcu/cs/
2023-03-18 19:20:53,702 [INFO] ApplicationProperties:184 - Using Application install path: C:\ST\STM32CubeIDE_1.12.0\STM32CubeIDE\plugins\com.st.stm32cube.common.mx_6.8.0.202302231600
2023-03-18 19:20:53,702 [INFO] PluginManage:196 - Search for loadable plugins [exclusion list=, ]
2023-03-18 19:20:53,702 [INFO] PluginManage:310 - Check plugin analytics
2023-03-18 19:20:53,859 [INFO] AnalyticsPlugin:253 - Accepted Software Licenses: 
2023-03-18 19:20:53,859 [INFO] AnalyticsPlugin:255 - Accepted CMSIS Pack Licenses: 
2023-03-18 19:20:53,859 [INFO] AnalyticsPlugin:257 - Accepted Firmware Licenses: 
2023-03-18 19:20:53,875 [INFO] PluginManage:359 - Loaded plugin analytics (category:tool,tabindex:-1)
2023-03-18 19:20:53,875 [INFO] PluginManage:310 - Check plugin cadmodel
2023-03-18 19:20:53,890 [INFO] CADModel:105 - Init CAD model plugin
2023-03-18 19:20:53,890 [INFO] PluginManage:359 - Loaded plugin cadmodel (category:power,tabindex:5)
2023-03-18 19:20:53,890 [INFO] PluginManage:310 - Check plugin clock
2023-03-18 19:20:53,906 [INFO] PluginManage:359 - Loaded plugin clock (category:base,tabindex:2)
2023-03-18 19:20:53,906 [INFO] PluginManage:310 - Check plugin ddr
2023-03-18 19:20:53,922 [INFO] PluginManage:359 - Loaded plugin ddr (category:tool,tabindex:6)
2023-03-18 19:20:53,922 [INFO] PluginManage:310 - Check plugin filemanager
2023-03-18 19:20:54,032 [INFO] PluginManage:359 - Loaded plugin filemanager (category:base,tabindex:10)
2023-03-18 19:20:54,032 [INFO] PluginManage:310 - Check plugin ipmanager
2023-03-18 19:20:54,048 [INFO] PluginManage:359 - Loaded plugin ipmanager (category:base,tabindex:5)
2023-03-18 19:20:54,048 [INFO] PluginManage:310 - Check plugin lpbam
2023-03-18 19:20:54,064 [INFO] PluginManage:359 - Loaded plugin lpbam (category:base,tabindex:0)
2023-03-18 19:20:54,064 [INFO] PluginManage:310 - Check plugin pinoutandconfiguration
2023-03-18 19:20:54,080 [INFO] PluginManage:359 - Loaded plugin pinoutandconfiguration (category:base,tabindex:1)
2023-03-18 19:20:54,080 [INFO] PluginManage:310 - Check plugin pinoutconfig
2023-03-18 19:20:54,159 [WARN] SupportedApi:132 - Cannot load RTOS API schema: s4s-elt-must-match.1: The content of 'definitions' must match (annotation?, (simpleType | complexType)?, (unique | key | keyref)*)). A problem was found starting at: attribute.
2023-03-18 19:20:54,268 [INFO] PluginManage:359 - Loaded plugin pinoutconfig (category:base,tabindex:0)
2023-03-18 19:20:54,268 [INFO] PluginManage:310 - Check plugin power
2023-03-18 19:20:54,299 [INFO] PluginManage:359 - Loaded plugin power (category:power,tabindex:4)
2023-03-18 19:20:54,299 [INFO] PluginManage:310 - Check plugin projectmanager
2023-03-18 19:20:54,315 [INFO] PluginManage:359 - Loaded plugin projectmanager (category:projectmanager,tabindex:3)
2023-03-18 19:20:54,315 [INFO] PluginManage:310 - Check plugin thirdparty
2023-03-18 19:20:54,518 [INFO] PluginManage:359 - Loaded plugin thirdparty (category:base,tabindex:-1)
2023-03-18 19:20:54,518 [WARN] IntegrityCheckThread:84 - waiting for thirdparty lock release [integrity check]
2023-03-18 19:20:54,518 [INFO] IntegrityCheckThread:86 - entering critical section [integrity check]
2023-03-18 19:20:54,518 [INFO] PluginManage:310 - Check plugin tools
2023-03-18 19:20:54,518 [INFO] ThirdPartyUpdaterWithRetryManager:70 - Updater plugin not ready yet. [1/15]
2023-03-18 19:20:54,534 [INFO] PluginManage:359 - Loaded plugin tools (category:base,tabindex:7)
2023-03-18 19:20:54,534 [INFO] PluginManage:310 - Check plugin tutovideos
2023-03-18 19:20:54,693 [INFO] PluginManage:359 - Loaded plugin tutovideos (category:base,tabindex:-1)
2023-03-18 19:20:54,693 [INFO] PluginManage:310 - Check plugin updater
2023-03-18 19:20:54,709 [INFO] PluginManage:359 - Loaded plugin updater (category:base,tabindex:12)
2023-03-18 19:20:54,709 [INFO] PluginManage:283 - PluginManage : Loaded plugins [15]
2023-03-18 19:20:55,009 [INFO] PinOutPanel:1499 - setPackage(No Configuration,No Configuration)
2023-03-18 19:20:55,072 [INFO] CADModel:165 - CPN selected for project level
2023-03-18 19:20:55,072 [INFO] CADModel:114 - Register for checkConnection events
2023-03-18 19:20:55,103 [INFO] IPUIPlugin:80 - create IPUIPlugin
2023-03-18 19:20:55,103 [INFO] PluginManager:220 - loadIPPluginJar : add adc
2023-03-18 19:20:55,119 [INFO] IPUIPlugin:80 - create IPUIPlugin
2023-03-18 19:20:55,119 [INFO] PluginManager:220 - loadIPPluginJar : add aes
2023-03-18 19:20:55,151 [INFO] IPUIPlugin:80 - create IPUIPlugin
2023-03-18 19:20:55,151 [INFO] PluginManager:220 - loadIPPluginJar : add can
2023-03-18 19:20:55,166 [INFO] IPUIPlugin:80 - create IPUIPlugin
2023-03-18 19:20:55,166 [INFO] PluginManager:220 - loadIPPluginJar : add comp
2023-03-18 19:20:55,182 [INFO] IPUIPlugin:80 - create IPUIPlugin
2023-03-18 19:20:55,182 [INFO] PluginManager:220 - loadIPPluginJar : add cryp
2023-03-18 19:20:55,198 [INFO] IPUIPlugin:80 - create IPUIPlugin
2023-03-18 19:20:55,198 [INFO] PluginManager:220 - loadIPPluginJar : add dfsdm
2023-03-18 19:20:55,213 [INFO] IPUIPlugin:80 - create IPUIPlugin
2023-03-18 19:20:55,213 [INFO] PluginManager:220 - loadIPPluginJar : add dma
2023-03-18 19:20:55,245 [INFO] IPUIPlugin:80 - create IPUIPlugin
2023-03-18 19:20:55,245 [INFO] PluginManager:220 - loadIPPluginJar : add dma3
2023-03-18 19:20:55,245 [INFO] IPUIPlugin:80 - create IPUIPlugin
2023-03-18 19:20:55,245 [INFO] PluginManager:220 - loadIPPluginJar : add fatfs
2023-03-18 19:20:55,276 [INFO] IPUIPlugin:80 - create IPUIPlugin
2023-03-18 19:20:55,276 [INFO] PluginManager:220 - loadIPPluginJar : add fmc
2023-03-18 19:20:55,292 [INFO] IPUIPlugin:80 - create IPUIPlugin
2023-03-18 19:20:55,292 [INFO] PluginManager:220 - loadIPPluginJar : add freertos
2023-03-18 19:20:55,307 [INFO] IPUIPlugin:80 - create IPUIPlugin
2023-03-18 19:20:55,307 [INFO] PluginManager:220 - loadIPPluginJar : add genericplugin
2023-03-18 19:20:55,354 [INFO] IPUIPlugin:80 - create IPUIPlugin
2023-03-18 19:20:55,354 [INFO] PluginManager:220 - loadIPPluginJar : add gfxmmu
2023-03-18 19:20:55,432 [INFO] IPUIPlugin:80 - create IPUIPlugin
2023-03-18 19:20:55,432 [INFO] PluginManager:220 - loadIPPluginJar : add gic
2023-03-18 19:20:55,448 [INFO] IPUIPlugin:80 - create IPUIPlugin
2023-03-18 19:20:55,448 [INFO] PluginManager:220 - loadIPPluginJar : add gpio
2023-03-18 19:20:55,495 [INFO] IPUIPlugin:80 - create IPUIPlugin
2023-03-18 19:20:55,495 [INFO] PluginManager:220 - loadIPPluginJar : add gtzc
2023-03-18 19:20:55,511 [INFO] IPUIPlugin:80 - create IPUIPlugin
2023-03-18 19:20:55,511 [INFO] PluginManager:220 - loadIPPluginJar : add hash
2023-03-18 19:20:55,543 [INFO] IPUIPlugin:80 - create IPUIPlugin
2023-03-18 19:20:55,543 [INFO] PluginManager:220 - loadIPPluginJar : add i2c
2023-03-18 19:20:55,574 [INFO] IPUIPlugin:80 - create IPUIPlugin
2023-03-18 19:20:55,574 [INFO] PluginManager:220 - loadIPPluginJar : add i2s
2023-03-18 19:20:55,590 [INFO] IPUIPlugin:80 - create IPUIPlugin
2023-03-18 19:20:55,590 [INFO] PluginManager:220 - loadIPPluginJar : add i3c
2023-03-18 19:20:55,668 [INFO] IPUIPlugin:80 - create IPUIPlugin
2023-03-18 19:20:55,668 [INFO] PluginManager:220 - loadIPPluginJar : add ipddr
2023-03-18 19:20:55,715 [INFO] IPUIPlugin:80 - create IPUIPlugin
2023-03-18 19:20:55,715 [INFO] PluginManager:220 - loadIPPluginJar : add linkedlist
2023-03-18 19:20:55,731 [INFO] IPUIPlugin:80 - create IPUIPlugin
2023-03-18 19:20:55,731 [INFO] PluginManager:220 - loadIPPluginJar : add lorawan
2023-03-18 19:20:55,762 [INFO] IPUIPlugin:80 - create IPUIPlugin
2023-03-18 19:20:55,762 [INFO] PluginManager:220 - loadIPPluginJar : add ltdc
2023-03-18 19:20:55,762 [INFO] IPUIPlugin:80 - create IPUIPlugin
2023-03-18 19:20:55,762 [INFO] PluginManager:220 - loadIPPluginJar : add mdma
2023-03-18 19:20:55,777 [INFO] IPUIPlugin:80 - create IPUIPlugin
2023-03-18 19:20:55,777 [INFO] PluginManager:220 - loadIPPluginJar : add nvic
2023-03-18 19:20:55,809 [INFO] IPUIPlugin:80 - create IPUIPlugin
2023-03-18 19:20:55,809 [INFO] PluginManager:220 - loadIPPluginJar : add opamp
2023-03-18 19:20:55,840 [INFO] IPUIPlugin:80 - create IPUIPlugin
2023-03-18 19:20:55,840 [INFO] PluginManager:220 - loadIPPluginJar : add openamp
2023-03-18 19:20:55,871 [INFO] IPUIPlugin:80 - create IPUIPlugin
2023-03-18 19:20:55,871 [INFO] PluginManager:220 - loadIPPluginJar : add pdm2pcm
2023-03-18 19:20:55,871 [INFO] IPUIPlugin:80 - create IPUIPlugin
2023-03-18 19:20:55,887 [INFO] PluginManager:220 - loadIPPluginJar : add plateformsettings
2023-03-18 19:20:55,887 [INFO] IPUIPlugin:80 - create IPUIPlugin
2023-03-18 19:20:55,903 [INFO] PluginManager:220 - loadIPPluginJar : add quadspi
2023-03-18 19:20:55,903 [INFO] IPUIPlugin:80 - create IPUIPlugin
2023-03-18 19:20:55,903 [INFO] PluginManager:220 - loadIPPluginJar : add resmgrutility
2023-03-18 19:20:55,934 [INFO] IPUIPlugin:80 - create IPUIPlugin
2023-03-18 19:20:55,934 [INFO] PluginManager:220 - loadIPPluginJar : add sai
2023-03-18 19:20:55,966 [INFO] IPUIPlugin:80 - create IPUIPlugin
2023-03-18 19:20:55,966 [INFO] PluginManager:220 - loadIPPluginJar : add spi
2023-03-18 19:20:55,997 [INFO] IPUIPlugin:80 - create IPUIPlugin
2023-03-18 19:20:55,997 [INFO] PluginManager:220 - loadIPPluginJar : add stm32_wpan
2023-03-18 19:20:56,012 [INFO] IPUIPlugin:80 - create IPUIPlugin
2023-03-18 19:20:56,012 [INFO] PluginManager:220 - loadIPPluginJar : add tim
2023-03-18 19:20:56,044 [INFO] IPUIPlugin:80 - create IPUIPlugin
2023-03-18 19:20:56,044 [INFO] PluginManager:220 - loadIPPluginJar : add touchsensing
2023-03-18 19:20:56,059 [INFO] IPUIPlugin:80 - create IPUIPlugin
2023-03-18 19:20:56,059 [INFO] PluginManager:220 - loadIPPluginJar : add tracer_emb
2023-03-18 19:20:56,075 [INFO] IPUIPlugin:80 - create IPUIPlugin
2023-03-18 19:20:56,075 [INFO] PluginManager:220 - loadIPPluginJar : add ts
2023-03-18 19:20:56,091 [INFO] IPUIPlugin:80 - create IPUIPlugin
2023-03-18 19:20:56,091 [INFO] PluginManager:220 - loadIPPluginJar : add tsc
2023-03-18 19:20:56,106 [INFO] IPUIPlugin:80 - create IPUIPlugin
2023-03-18 19:20:56,106 [INFO] PluginManager:220 - loadIPPluginJar : add ucpd
2023-03-18 19:20:56,122 [INFO] IPUIPlugin:80 - create IPUIPlugin
2023-03-18 19:20:56,122 [INFO] PluginManager:220 - loadIPPluginJar : add usart
2023-03-18 19:20:56,153 [INFO] IPUIPlugin:80 - create IPUIPlugin
2023-03-18 19:20:56,153 [INFO] PluginManager:220 - loadIPPluginJar : add usbx
2023-03-18 19:20:56,278 [INFO] CADModel:165 - CPN selected for project level
2023-03-18 19:20:56,278 [INFO] CADModel:114 - Register for checkConnection events
2023-03-18 19:20:56,278 [FATAL] Updater:308 - Updater called before beeing initialized
2023-03-18 19:20:56,278 [ERROR] CADModel:125 - Updater not yet initialized, retry later 
2023-03-18 19:20:56,403 [INFO] CADModel:165 - CPN selected for project level
2023-03-18 19:20:56,403 [INFO] CADModel:114 - Register for checkConnection events
2023-03-18 19:20:56,403 [FATAL] Updater:308 - Updater called before beeing initialized
2023-03-18 19:20:56,403 [ERROR] CADModel:125 - Updater not yet initialized, retry later 
2023-03-18 19:20:56,403 [FATAL] Updater:308 - Updater called before beeing initialized
2023-03-18 19:20:56,529 [FATAL] Updater:308 - Updater called before beeing initialized
2023-03-18 19:20:56,529 [INFO] DbMcusAds:53 - JSON generation date=Tue Mar 07 14:20:55 IST 2023 (1678179055114)
2023-03-18 19:20:56,529 [FATAL] Updater:308 - Updater called before beeing initialized
2023-03-18 19:20:56,591 [WARN] DetailPanel:346 - Failed to get advertising image, set to default
2023-03-18 19:20:56,717 [FATAL] Updater:308 - Updater called before beeing initialized
2023-03-18 19:20:56,717 [FATAL] Updater:308 - Updater called before beeing initialized
2023-03-18 19:20:56,717 [FATAL] Updater:308 - Updater called before beeing initialized
2023-03-18 19:20:56,717 [WARN] DetailPanel:346 - Failed to get advertising image, set to default
2023-03-18 19:20:56,733 [FATAL] Updater:308 - Updater called before beeing initialized
2023-03-18 19:20:56,779 [ERROR] Updater:1120 - MainUpdater not yet initialized. External WinMGr cannot be set.
2023-03-18 19:20:56,779 [INFO] Updater:1056 - Updater Version found : 6.8.0
2023-03-18 19:20:56,795 [INFO] ApplicationProperties:184 - Using Application install path: C:\ST\STM32CubeIDE_1.12.0\STM32CubeIDE\plugins\com.st.stm32cube.common.mx_6.8.0.202302231600
2023-03-18 19:20:57,046 [INFO] MainUpdater:2854 - connection check result : 10
2023-03-18 19:20:57,046 [INFO] MainUpdater:283 - Updater Check For Update Now.
2023-03-18 19:20:57,046 [INFO] MicroXplorer:498 - Change Database Version : DB.6.0.80
2023-03-18 19:20:57,265 [INFO] CheckServerUpdateThread:120 - End of CheckServer Thread
2023-03-18 19:20:57,281 [INFO] MainUpdater:2854 - connection check result : 10
2023-03-18 19:20:57,282 [INFO] MainUpdater:2854 - connection check result : 10
2023-03-18 19:20:57,406 [INFO] MicroXplorer:468 - Change Database Path : 
2023-03-18 19:20:57,406 [INFO] MicroXplorer:498 - Change Database Version : DB.6.0.80
2023-03-18 19:20:57,406 [WARN] ThirdParty:871 - waiting for thirdparty lock release [close project]
2023-03-18 19:20:57,580 [INFO] ThirdParty:978 - Integrity check success = true
2023-03-18 19:20:57,580 [INFO] IntegrityCheckThread:100 - exiting critical section [integrity check]
2023-03-18 19:20:57,580 [INFO] IntegrityCheckThread:103 - End integrity checks thread
2023-03-18 19:20:57,580 [INFO] ThirdParty:873 - entering critical section [close project]
2023-03-18 19:20:57,580 [INFO] ThirdParty:883 - exiting critical section [close project]
2023-03-18 19:20:57,580 [INFO] PinOutPanel:1499 - setPackage(No Configuration,No Configuration)
2023-03-18 19:20:57,596 [INFO] UtilMem:75 - Begin LoadConfig() Used Memory: 179850224 Bytes (268435456)
2023-03-18 19:20:57,596 [INFO] MicroXplorer:468 - Change Database Path : 
2023-03-18 19:20:57,596 [INFO] MicroXplorer:498 - Change Database Version : DB.6.0.80
2023-03-18 19:20:57,596 [INFO] OpenFileManager:308 - Change cursor
2023-03-18 19:20:57,643 [INFO] Mcu:1937 - Initializing MCU STM32L476R(C-E-G)Tx STM32L476RGTx STM32L476RGT3
2023-03-18 19:20:59,296 [INFO] Context:659 - Trying to add GPIOservice into a context  which must be forbidden
2023-03-18 19:20:59,896 [INFO] RtosManager:555 - Registered RTOS mode: class=CMSIS, group=RTOS, mode=CMSIS_V1, owner=FREERTOS
2023-03-18 19:20:59,896 [INFO] RtosManager:555 - Registered RTOS mode: class=CMSIS, group=RTOS2, mode=CMSIS_V2, owner=FREERTOS
2023-03-18 19:20:59,896 [INFO] RtosManager:555 - Registered RTOS mode: class=RTOS, group=Core, mode=CMSIS_V1, owner=FREERTOS
2023-03-18 19:20:59,896 [INFO] RtosManager:555 - Registered RTOS mode: class=RTOS, group=Core, mode=CMSIS_V2, owner=FREERTOS
2023-03-18 19:20:59,896 [WARN] ModelIntegratedComponent:184 - Missing modes for component STMicroelectronics:FreeRTOS:0.0.1:STMicroelectronics:RTOS:FreeRTOS:Core:::10.2.0:
2023-03-18 19:20:59,896 [WARN] ModelIntegratedComponent:63 - No mode defined for component null
2023-03-18 19:20:59,896 [WARN] ModelIntegratedComponent:63 - No mode defined for component null
2023-03-18 19:20:59,896 [WARN] ModelIntegratedComponent:63 - No mode defined for component null
2023-03-18 19:20:59,896 [WARN] ModelIntegratedComponent:63 - No mode defined for component null
2023-03-18 19:20:59,896 [WARN] ModelIntegratedComponent:63 - No mode defined for component null
2023-03-18 19:20:59,896 [WARN] ModelIntegratedComponent:63 - No mode defined for component null
2023-03-18 19:20:59,896 [WARN] ModelIntegratedComponent:63 - No mode defined for component null
2023-03-18 19:20:59,896 [WARN] ModelIntegratedComponent:63 - No mode defined for component null
2023-03-18 19:20:59,896 [WARN] ModelIntegratedComponent:63 - No mode defined for component null
2023-03-18 19:20:59,896 [WARN] ModelIntegratedComponent:63 - No mode defined for component null
2023-03-18 19:20:59,896 [WARN] ModelIntegratedComponent:63 - No mode defined for component null
2023-03-18 19:20:59,896 [WARN] ModelIntegratedComponent:63 - No mode defined for component null
2023-03-18 19:20:59,896 [WARN] ModelIntegratedComponent:63 - No mode defined for component null
2023-03-18 19:20:59,896 [WARN] ModelIntegratedComponent:63 - No mode defined for component null
2023-03-18 19:20:59,896 [WARN] ModelIntegratedComponent:63 - No mode defined for component null
2023-03-18 19:20:59,896 [WARN] ModelIntegratedComponent:63 - No mode defined for component null
2023-03-18 19:20:59,896 [WARN] ModelIntegratedComponent:63 - No mode defined for component null
2023-03-18 19:20:59,896 [WARN] ModelIntegratedComponent:63 - No mode defined for component null
2023-03-18 19:20:59,896 [WARN] ModelIntegratedComponent:63 - No mode defined for component null
2023-03-18 19:20:59,896 [WARN] ModelIntegratedComponent:63 - No mode defined for component null
2023-03-18 19:20:59,896 [WARN] ModelIntegratedComponent:63 - No mode defined for component null
2023-03-18 19:20:59,896 [WARN] ModelIntegratedComponent:63 - No mode defined for component null
2023-03-18 19:20:59,896 [WARN] ModelIntegratedComponent:63 - No mode defined for component null
2023-03-18 19:20:59,896 [WARN] ModelIntegratedComponent:63 - No mode defined for component null
2023-03-18 19:20:59,896 [WARN] ModelIntegratedComponent:63 - No mode defined for component null
2023-03-18 19:20:59,896 [WARN] ModelIntegratedComponent:63 - No mode defined for component null
2023-03-18 19:20:59,896 [WARN] ModelIntegratedComponent:63 - No mode defined for component null
2023-03-18 19:20:59,896 [WARN] ModelIntegratedComponent:63 - No mode defined for component null
2023-03-18 19:20:59,896 [WARN] ModelIntegratedComponent:63 - No mode defined for component null
2023-03-18 19:20:59,896 [WARN] ModelIntegratedComponent:63 - No mode defined for component null
2023-03-18 19:20:59,896 [WARN] ModelIntegratedComponent:63 - No mode defined for component null
2023-03-18 19:20:59,896 [WARN] ModelIntegratedComponent:63 - No mode defined for component null
2023-03-18 19:20:59,896 [WARN] ModelIntegratedComponent:63 - No mode defined for component null
2023-03-18 19:20:59,912 [INFO] ThirdPartyModel:298 - Start build external matchings
2023-03-18 19:20:59,912 [INFO] ThirdPartyModel:316 - End build external matchings
2023-03-18 19:21:00,216 [INFO] UtilMem:75 - End LoadConfig() Used Memory: 250819512 Bytes (445644800)
2023-03-18 19:21:00,308 [INFO] ApiDb:581 - Connected to CubeFinder SQLite database (C:\Users\divym\.stmcufinder\plugins\mcufinder\mcu\cube-finder-db.db)
2023-03-18 19:21:00,402 [INFO] ApiDb:668 - CubeFinder database Data Model version=2.1
2023-03-18 19:21:00,402 [INFO] ApiDb:669 - CubeFinder database Configuration version=3.0.35
2023-03-18 19:21:00,402 [INFO] ApiDb:670 - CubeFinder database generation date=2023-03-10 (1678456172)
2023-03-18 19:21:00,402 [INFO] ApiDb:671 - CubeFinder database FW Pack versions=[FP-ATR-ASTRA1_V1.1.1, STM32Cube_FW_C0_V1.0.1, STM32Cube_FW_F0_V1.11.4, STM32Cube_FW_F3_V1.11.4, STM32Cube_FW_F4_V1.27.1, STM32Cube_FW_F7_V1.17.0, STM32Cube_FW_G0_V1.6.1, STM32Cube_FW_G4_V1.5.1, STM32Cube_FW_H5_V0.5.1, STM32Cube_FW_H5_V1.0.0, STM32Cube_FW_H7_V1.11.0, STM32Cube_FW_L0_V1.12.2, STM32Cube_FW_L5_V1.5.0, STM32Cube_FW_U5_V1.2.0, STM32Cube_FW_WBA_V1.0.0, STM32Cube_FW_WBA_V1.0.0RC1, STM32Cube_FW_WBA_V1.0.0RC3, STM32Cube_FW_WB_V1.15.0RC1, STM32Cube_FW_WB_V1.16.0, STM32Cube_FW_WB_V1.16.0RC2, STM32Cube_FW_WL_V1.3.0, X-CUBE-ALGOBUILD_V1.3.0, X-CUBE-ALS_V1.0.1, X-CUBE-AZRTOS-F4_V1.1.0, X-CUBE-AZRTOS-F7_V1.1.0, X-CUBE-AZRTOS-G0_V1.1.0, X-CUBE-AZRTOS-G4_V1.0.0, X-CUBE-AZRTOS-H7_V3.0.0, X-CUBE-AZRTOS-L4_V1.0.0, X-CUBE-AZRTOS-L5_V1.1.0, X-CUBE-AZRTOS-WB_V1.1.0, X-CUBE-AZRTOS-WL_V1.0.0, X-CUBE-BLE1_V6.2.4, X-CUBE-BLE2_V3.3.0, X-CUBE-BLEMGR_V1.3.0, X-CUBE-EEPRMA1_V4.1.0, X-CUBE-GNSS1_V6.0.0, X-CUBE-MEMS1_V9.1.0, X-CUBE-MEMS1_V9.4.0, X-CUBE-MEMS1_V9.5.0, X-CUBE-NFC4_V3.0.0, X-CUBE-NFC7_V1.0.0, X-CUBE-SFXS2LP1_V4.0.0, X-CUBE-SUBG2_V5.0.0]
2023-03-18 19:21:02,145 [INFO] ApiDb:240 - Found 297 in-development CPN: [B-G473E-ZEST1S, B-WB1M-WPAN1, B-WL5M-SUBG1, NUCLEO-C031C6, NUCLEO-H503RB, NUCLEO-H563ZI, NUCLEO-U545RE-Q, NUCLEO-U5A5ZJ-Q, NUCLEO-WBA52CG, STEVAL-PROTEUS1, STEVAL-STWINBX1, STM320518-EVAL, STM32C0116-DK, STM32C011D6Y3TR, STM32C011D6Y6TR, STM32C011F4P3, STM32C011F4P6, STM32C011F4U3, STM32C011F4U6TR, STM32C011F6P3, STM32C011F6P6, STM32C011F6U3, STM32C011F6U6TR, STM32C011J4M3, STM32C011J4M6, STM32C011J6M3, STM32C011J6M6, STM32C0316-DK, STM32C031C4T3, STM32C031C4T6, STM32C031C4U3, STM32C031C4U6, STM32C031C6T3, STM32C031C6T6, STM32C031C6U3, STM32C031C6U6, STM32C031F4P3, STM32C031F4P6, STM32C031F6P3, STM32C031F6P6, STM32C031G4U3, STM32C031G4U6, STM32C031G6U3, STM32C031G6U6, STM32C031K4T3, STM32C031K4T6, STM32C031K4U3, STM32C031K4U6, STM32C031K6T3, STM32C031K6T6, STM32C031K6U3, STM32C031K6U6, STM32G071K8TXN, STM32G071K8UXN, STM32G081GBU6N, STM32G081KBT6N, STM32G081KBUXN, STM32G0B1CCT6N, STM32G0B1KCT6, STM32G0B1NEY6TR, STM32G0B1RCT6N, STM32G0C1CCT6, STM32G0C1CCT6N, STM32G0C1CCU6N, STM32G0C1CET6N, STM32G0C1CEU6N, STM32G0C1KCT6, STM32G0C1NEY6TR, STM32G0C1RCI6N, STM32G0C1RCT6N, STM32G0C1REI6N, STM32G0C1RET6N, STM32G0C1VCI6, STM32G0C1VEI6, STM32G471CCT6, STM32G471CCU6, STM32G471CET3, STM32G471CET6, STM32G471CEU3, STM32G471CEU6, STM32G471MCT6, STM32G471MET3, STM32G471MET6, STM32G471MEY6TR, STM32G471QCT6, STM32G471QET3, STM32G471RCT6, STM32G471RET3, STM32G471RET6, STM32G471VCH6, STM32G471VCI6, STM32G471VCT6, STM32G471VEH3, STM32G471VEH6, STM32G471VEI3, STM32G471VEI6, STM32G471VET3, STM32G471VET6, STM32G474CCT6, STM32H503CBT6, STM32H503CBU6, STM32H503EBY6TR, STM32H503KBU6, STM32H503RBT6, STM32H562AGI6, STM32H562AII6, STM32H562IGK6, STM32H562IGT6, STM32H562IIK6, STM32H562IIT6, STM32H562RGT6, STM32H562RGV6, STM32H562RIT6, STM32H562RIV6, STM32H562VGT6, STM32H562VIT6, STM32H562ZGT6, STM32H562ZIT6, STM32H563AGI6, STM32H563AII3Q, STM32H563AII6, STM32H563IGK6, STM32H563IGT6, STM32H563IIK3Q, STM32H563IIK6, STM32H563IIT3Q, STM32H563IIT6, STM32H563MIY3QTR, STM32H563RGT6, STM32H563RGV6, STM32H563RIT6, STM32H563RIV6, STM32H563VGT6, STM32H563VIT3Q, STM32H563VIT6, STM32H563ZGT6, STM32H563ZIT3Q, STM32H563ZIT6, STM32H573AII3Q, STM32H573AII6, STM32H573I-DK, STM32H573IIK3Q, STM32H573IIK6, STM32H573IIT3Q, STM32H573IIT6, STM32H573MIY3QTR, STM32H573RIT6, STM32H573RIV6, STM32H573VIT3Q, STM32H573VIT6, STM32H573ZIT3Q, STM32H573ZIT6, STM32L4R5QGI6STR, STM32MP131AAE3, STM32MP131AAF3, STM32MP131AAG3, STM32MP131CAE3, STM32MP131CAF3, STM32MP131CAG3, STM32MP131DAE7, STM32MP131DAF7, STM32MP131DAG7, STM32MP131FAE7, STM32MP131FAF7, STM32MP131FAG7, STM32MP133AAE3, STM32MP133AAF3, STM32MP133AAG3, STM32MP133CAE3, STM32MP133CAF3, STM32MP133CAG3, STM32MP133DAE7, STM32MP133DAF7, STM32MP133DAG7, STM32MP133FAE7, STM32MP133FAF7, STM32MP133FAG7, STM32MP135AAE3, STM32MP135AAF3, STM32MP135AAG3, STM32MP135CAE3, STM32MP135CAF3, STM32MP135CAG3, STM32MP135DAE7, STM32MP135DAF7, STM32MP135DAG7, STM32MP135F-DK, STM32MP135FAE7, STM32MP135FAF7, STM32MP135FAF7T, STM32MP135FAF7U, STM32MP135FAG7, STM32U535CBT6, STM32U535CBT6Q, STM32U535CBU6, STM32U535CBU6Q, STM32U535CCT6, STM32U535CCT6Q, STM32U535CCU6, STM32U535CCU6Q, STM32U535CET6, STM32U535CET6Q, STM32U535CEU6, STM32U535CEU6Q, STM32U535JEY6QTR, STM32U535NCY6QTR, STM32U535NEY6QTR, STM32U535RBI6, STM32U535RBI6Q, STM32U535RBT6, STM32U535RBT6Q, STM32U535RCI6, STM32U535RCI6Q, STM32U535RCT6, STM32U535RCT6Q, STM32U535REI6, STM32U535REI6Q, STM32U535RET6, STM32U535RET6Q, STM32U535VCI6, STM32U535VCI6Q, STM32U535VCT6, STM32U535VCT6Q, STM32U535VEI6, STM32U535VEI6Q, STM32U535VET6, STM32U535VET6Q, STM32U545CET6, STM32U545CET6Q, STM32U545CEU6, STM32U545CEU6Q, STM32U545JEY6QTR, STM32U545NEY6QTR, STM32U545REI6, STM32U545REI6Q, STM32U545RET6, STM32U545RET6Q, STM32U545VEI6, STM32U545VEI6Q, STM32U545VET6, STM32U545VET6Q, STM32U595AIH6, STM32U595AIH6Q, STM32U595AJH6, STM32U595AJH6Q, STM32U595QII6, STM32U595QII6Q, STM32U595QJI6, STM32U595QJI6Q, STM32U595RIT6, STM32U595RIT6Q, STM32U595RJT6, STM32U595RJT6Q, STM32U595VIT6, STM32U595VIT6Q, STM32U595VJT6, STM32U595VJT6Q, STM32U595ZIT6, STM32U595ZIT6Q, STM32U595ZIY6QTR, STM32U595ZJT6, STM32U595ZJT6Q, STM32U595ZJY6QTR, STM32U599BJY6QTR, STM32U599NIH6Q, STM32U599NJH6Q, STM32U599VIT6Q, STM32U599VJT6, STM32U599VJT6Q, STM32U599ZIT6Q, STM32U599ZIY6QTR, STM32U599ZJT6Q, STM32U599ZJY6QTR, STM32U5A5AJH6, STM32U5A5AJH6Q, STM32U5A5QJI6, STM32U5A5QJI6Q, STM32U5A5RJT6, STM32U5A5RJT6Q, STM32U5A5VJT6, STM32U5A5VJT6Q, STM32U5A5ZJT6, STM32U5A5ZJT6Q, STM32U5A5ZJY6QTR, STM32U5A9BJY6QTR, STM32U5A9J-DK, STM32U5A9NJH6Q, STM32U5A9VJT6Q, STM32U5A9ZJT6Q, STM32U5A9ZJY6QTR, STM32WB1MMCH6, STM32WBA52CEU6, STM32WBA52CEU6T, STM32WBA52CGU6, STM32WBA52CGU6T, STM32WL5MOCH6, STM32WL5MOCH6TR]
2023-03-18 19:21:02,145 [INFO] DbMcus:216 - Found 3775 MCUs, 3775 are supported
2023-03-18 19:21:02,145 [INFO] ApiDb:423 - Load user favorites file C:\Users\divym/.stm32cubeide/favorites.mcus.txt: 0 item(s)
2023-03-18 19:21:02,145 [INFO] ApiDb:427 - User favorites MCUs=[]
2023-03-18 19:21:02,145 [INFO] DbMcus:222 - Set 0 / 0 favorites MCUs
2023-03-18 19:21:02,412 [WARN] ThirdParty:833 - waiting for thirdparty lock release [change project]
2023-03-18 19:21:02,412 [INFO] ThirdParty:835 - entering critical section [change project]
2023-03-18 19:21:02,412 [INFO] ThirdParty:1030 - CMSIS Pack Vendor :STMicroelectronics ThreadX 1.0.0
2023-03-18 19:21:02,412 [INFO] ThirdParty:1030 - CMSIS Pack Vendor :STMicroelectronics USB_HOST 2.0.0
2023-03-18 19:21:02,412 [INFO] ThirdParty:1030 - CMSIS Pack Vendor :STMicroelectronics LIBJPEG 8.0.0
2023-03-18 19:21:02,412 [INFO] ThirdParty:1030 - CMSIS Pack Vendor :STMicroelectronics FreeRTOS 0.0.1
2023-03-18 19:21:02,412 [INFO] ThirdParty:1030 - CMSIS Pack Vendor :STMicroelectronics USB_DEVICE 1.0.0
2023-03-18 19:21:02,412 [INFO] ThirdParty:1030 - CMSIS Pack Vendor :STMicroelectronics STM32_WPAN 1.0.0
2023-03-18 19:21:02,412 [INFO] ThirdParty:1030 - CMSIS Pack Vendor :STMicroelectronics USB_DEVICE 3.0.0
2023-03-18 19:21:02,412 [INFO] ThirdParty:1030 - CMSIS Pack Vendor :STMicroelectronics HAL Drivers 0.0.0
2023-03-18 19:21:02,412 [INFO] ThirdParty:1030 - CMSIS Pack Vendor :STMicroelectronics MBEDTLS 2.16.2
2023-03-18 19:21:02,412 [INFO] ThirdParty:1030 - CMSIS Pack Vendor :STMicroelectronics ThreadX 0.0.2
2023-03-18 19:21:02,412 [INFO] ThirdParty:1030 - CMSIS Pack Vendor :STMicroelectronics lwIP 2.0.3
2023-03-18 19:21:02,412 [INFO] ThirdParty:1030 - CMSIS Pack Vendor :STMicroelectronics lwIP 2.1.2
2023-03-18 19:21:02,412 [INFO] ThirdParty:1030 - CMSIS Pack Vendor :STMicroelectronics MBEDTLS 2.14.1
2023-03-18 19:21:02,412 [INFO] ThirdParty:1030 - CMSIS Pack Vendor :STMicroelectronics USB_HOST 1.0.0
2023-03-18 19:21:02,412 [INFO] ThirdParty:1030 - CMSIS Pack Vendor :STMicroelectronics PDM2PCM 3.1.0
2023-03-18 19:21:02,412 [INFO] ThirdParty:1030 - CMSIS Pack Vendor :STMicroelectronics PDM2PCM 3.2.0
2023-03-18 19:21:02,412 [INFO] ThirdParty:1030 - CMSIS Pack Vendor :STMicroelectronics USB_DEVICE 2.0.0
2023-03-18 19:21:02,412 [INFO] ThirdParty:1030 - CMSIS Pack Vendor :STMicroelectronics PDM2PCM 3.3.0
2023-03-18 19:21:02,412 [INFO] ThirdParty:841 - exiting critical section [change project]
2023-03-18 19:21:02,839 [INFO] PinOutPanel:1499 - setPackage(No Configuration,No Configuration)
2023-03-18 19:21:02,839 [INFO] PinOutPanel:1499 - setPackage(STM32L476RGTx,LQFP64)
2023-03-18 19:21:03,518 [INFO] UtilMem:75 - Before build in PCC Used Memory: 200797184 Bytes (445644800)
2023-03-18 19:21:04,516 [INFO] UtilMem:75 - After build in PCC Used Memory: 274717456 Bytes (445644800)
2023-03-18 19:21:04,563 [INFO] IPUIPlugin:80 - create IPUIPlugin
2023-03-18 19:21:04,563 [INFO] IPUIPlugin:80 - create IPUIPlugin
2023-03-18 19:21:04,563 [INFO] IPUIPlugin:80 - create IPUIPlugin
2023-03-18 19:21:04,563 [INFO] IPUIPlugin:80 - create IPUIPlugin
2023-03-18 19:21:04,563 [INFO] IPUIPlugin:80 - create IPUIPlugin
2023-03-18 19:21:04,563 [INFO] IPUIPlugin:80 - create IPUIPlugin
2023-03-18 19:21:04,563 [INFO] IPUIPlugin:80 - create IPUIPlugin
2023-03-18 19:21:04,563 [INFO] IPUIPlugin:80 - create IPUIPlugin
2023-03-18 19:21:04,563 [INFO] IPUIPlugin:80 - create IPUIPlugin
2023-03-18 19:21:04,563 [INFO] IPUIPlugin:80 - create IPUIPlugin
2023-03-18 19:21:04,563 [INFO] IPUIPlugin:80 - create IPUIPlugin
2023-03-18 19:21:04,563 [INFO] IPUIPlugin:80 - create IPUIPlugin
2023-03-18 19:21:04,563 [INFO] IPUIPlugin:80 - create IPUIPlugin
2023-03-18 19:21:04,563 [INFO] IPUIPlugin:80 - create IPUIPlugin
2023-03-18 19:21:04,563 [INFO] IPUIPlugin:80 - create IPUIPlugin
2023-03-18 19:21:04,563 [INFO] IPUIPlugin:80 - create IPUIPlugin
2023-03-18 19:21:04,563 [INFO] IPUIPlugin:80 - create IPUIPlugin
2023-03-18 19:21:04,563 [INFO] IPUIPlugin:80 - create IPUIPlugin
2023-03-18 19:21:04,563 [INFO] IPUIPlugin:80 - create IPUIPlugin
2023-03-18 19:21:04,563 [INFO] IPUIPlugin:80 - create IPUIPlugin
2023-03-18 19:21:04,563 [INFO] IPUIPlugin:80 - create IPUIPlugin
2023-03-18 19:21:04,563 [INFO] IPUIPlugin:80 - create IPUIPlugin
2023-03-18 19:21:04,563 [INFO] IPUIPlugin:80 - create IPUIPlugin
2023-03-18 19:21:04,563 [INFO] IPUIPlugin:80 - create IPUIPlugin
2023-03-18 19:21:04,563 [INFO] IPUIPlugin:80 - create IPUIPlugin
2023-03-18 19:21:04,563 [INFO] IPUIPlugin:80 - create IPUIPlugin
2023-03-18 19:21:04,563 [INFO] IPUIPlugin:80 - create IPUIPlugin
2023-03-18 19:21:04,563 [INFO] IPUIPlugin:80 - create IPUIPlugin
2023-03-18 19:21:04,571 [INFO] IPUIPlugin:80 - create IPUIPlugin
2023-03-18 19:21:04,571 [INFO] IPUIPlugin:80 - create IPUIPlugin
2023-03-18 19:21:04,571 [INFO] IPUIPlugin:80 - create IPUIPlugin
2023-03-18 19:21:04,571 [INFO] IPUIPlugin:80 - create IPUIPlugin
2023-03-18 19:21:04,571 [INFO] IPUIPlugin:80 - create IPUIPlugin
2023-03-18 19:21:04,571 [INFO] IPUIPlugin:80 - create IPUIPlugin
2023-03-18 19:21:04,571 [INFO] IPUIPlugin:80 - create IPUIPlugin
2023-03-18 19:21:04,571 [INFO] IPUIPlugin:80 - create IPUIPlugin
2023-03-18 19:21:04,571 [INFO] IPUIPlugin:80 - create IPUIPlugin
2023-03-18 19:21:04,571 [INFO] IPUIPlugin:80 - create IPUIPlugin
2023-03-18 19:21:04,571 [INFO] IPUIPlugin:80 - create IPUIPlugin
2023-03-18 19:21:04,571 [INFO] IPUIPlugin:80 - create IPUIPlugin
2023-03-18 19:21:04,571 [INFO] IPUIPlugin:80 - create IPUIPlugin
2023-03-18 19:21:04,571 [INFO] IPUIPlugin:80 - create IPUIPlugin
2023-03-18 19:21:04,571 [INFO] IPUIPlugin:80 - create IPUIPlugin
2023-03-18 19:21:04,571 [INFO] IPUIPlugin:80 - create IPUIPlugin
2023-03-18 19:21:04,571 [INFO] IPUIPlugin:80 - create IPUIPlugin
2023-03-18 19:21:04,571 [INFO] IPUIPlugin:80 - create IPUIPlugin
2023-03-18 19:21:04,571 [INFO] IPUIPlugin:80 - create IPUIPlugin
2023-03-18 19:21:04,571 [INFO] IPUIPlugin:80 - create IPUIPlugin
2023-03-18 19:21:04,571 [INFO] IPUIPlugin:80 - create IPUIPlugin
2023-03-18 19:21:04,571 [INFO] IPUIPlugin:80 - create IPUIPlugin
2023-03-18 19:21:04,571 [INFO] IPUIPlugin:80 - create IPUIPlugin
2023-03-18 19:21:04,588 [INFO] IPUIPlugin:80 - create IPUIPlugin
2023-03-18 19:21:04,588 [INFO] IPUIPlugin:80 - create IPUIPlugin
2023-03-18 19:21:04,594 [INFO] IPUIPlugin:80 - create IPUIPlugin
2023-03-18 19:21:04,594 [INFO] IPUIPlugin:80 - create IPUIPlugin
2023-03-18 19:21:04,594 [INFO] IPUIPlugin:80 - create IPUIPlugin
2023-03-18 19:21:04,594 [INFO] IPUIPlugin:80 - create IPUIPlugin
2023-03-18 19:21:04,594 [INFO] IPUIPlugin:80 - create IPUIPlugin
2023-03-18 19:21:04,594 [INFO] IPUIPlugin:80 - create IPUIPlugin
2023-03-18 19:21:04,912 [INFO] CADModel:165 - CPN selected for project levelSTM32L476RGT3
2023-03-18 19:21:04,912 [INFO] CADModel:114 - Register for checkConnection events
2023-03-18 19:21:04,973 [INFO] OpenFileManager:328 - Restore cursor
2023-03-18 19:21:05,181 [ERROR] LogOutputStream:75 - [STDERR_REDIRECT] SLF4J: Failed to load class "org.slf4j.impl.StaticLoggerBinder".
2023-03-18 19:21:05,181 [ERROR] LogOutputStream:75 - [STDERR_REDIRECT] SLF4J: Defaulting to no-operation (NOP) logger implementation
2023-03-18 19:21:05,181 [ERROR] LogOutputStream:75 - [STDERR_REDIRECT] SLF4J: See http://www.slf4j.org/codes.html#StaticLoggerBinder for further details.
2023-03-18 19:54:05,602 [INFO] Activator:176 - 


2023-03-18 19:54:05,602 [INFO] Activator:177 - !SESSION log4j initialized
2023-03-18 19:54:11,242 [INFO] LogOutputStream:77 - [STDOUT_REDIRECT] 
2023-03-18 19:54:27,994 [ERROR] LogOutputStream:75 - [STDERR_REDIRECT] Managed Build system manifest file error: Option com.atollic.truestudio.general.runtimelib.1801364388 uses a null category that is invalid in its context. The option was ignored.
2023-03-18 19:54:27,994 [ERROR] LogOutputStream:75 - [STDERR_REDIRECT] Managed Build system manifest file error: Option com.atollic.truestudio.toolchain_options.mcu.1528395058 uses a null category that is invalid in its context. The option was ignored.
2023-03-18 19:54:28,010 [ERROR] LogOutputStream:75 - [STDERR_REDIRECT] Managed Build system manifest file error: Option com.atollic.truestudio.toolchain_options.vendor.488559486 uses a null category that is invalid in its context. The option was ignored.
2023-03-18 19:54:28,306 [ERROR] LogOutputStream:75 - [STDERR_REDIRECT] Managed Build system manifest file error: Option com.atollic.truestudio.general.runtimelib.1801364388 uses a null category that is invalid in its context. The option was ignored.
2023-03-18 19:54:28,306 [ERROR] LogOutputStream:75 - [STDERR_REDIRECT] Managed Build system manifest file error: Option com.atollic.truestudio.toolchain_options.mcu.1528395058 uses a null category that is invalid in its context. The option was ignored.
2023-03-18 19:54:28,311 [ERROR] LogOutputStream:75 - [STDERR_REDIRECT] Managed Build system manifest file error: Option com.atollic.truestudio.toolchain_options.vendor.488559486 uses a null category that is invalid in its context. The option was ignored.
2023-03-18 19:54:48,613 [ERROR] LogOutputStream:75 - [STDERR_REDIRECT] SLF4J: Failed to load class "org.slf4j.impl.StaticLoggerBinder".
2023-03-18 19:54:48,613 [ERROR] LogOutputStream:75 - [STDERR_REDIRECT] SLF4J: Defaulting to no-operation (NOP) logger implementation
2023-03-18 19:54:48,613 [ERROR] LogOutputStream:75 - [STDERR_REDIRECT] SLF4J: See http://www.slf4j.org/codes.html#StaticLoggerBinder for further details.
