08:33:08 **** Incremental Build of configuration Debug for project rtos_example ****
make -j8 all 
arm-none-eabi-gcc "../FreeRTOS/Source/portable/MemMang/heap_4.c" -mcpu=cortex-m4 -std=gnu11 -g3 -DDEBUG -DUSE_HAL_DRIVER -DSTM32L476xx -c -I../Core/Inc -I../Drivers/STM32L4xx_HAL_Driver/Inc -I../Drivers/STM32L4xx_HAL_Driver/Inc/Legacy -I../Drivers/CMSIS/Device/ST/STM32L4xx/Include -I../Drivers/CMSIS/Include -I"E:/RTOS workspace/RTOS_workspace/rtos_example/rtos_example/FreeRTOS/Source/include" -I"E:/RTOS workspace/RTOS_workspace/rtos_example/rtos_example/FreeRTOS/Source/portable/GCC/ARM_CM4F" -I"E:/RTOS workspace/RTOS_workspace/rtos_example/rtos_example/FreeRTOS/Source" -O0 -ffunction-sections -fdata-sections -Wall -fstack-usage -fcyclomatic-complexity -MMD -MP -MF"FreeRTOS/Source/portable/MemMang/heap_4.d" -MT"FreeRTOS/Source/portable/MemMang/heap_4.o" --specs=nano.specs -mfpu=fpv4-sp-d16 -mfloat-abi=hard -mthumb -o "FreeRTOS/Source/portable/MemMang/heap_4.o"
arm-none-eabi-gcc "../FreeRTOS/Source/portable/GCC/ARM_CM4F/port.c" -mcpu=cortex-m4 -std=gnu11 -g3 -DDEBUG -DUSE_HAL_DRIVER -DSTM32L476xx -c -I../Core/Inc -I../Drivers/STM32L4xx_HAL_Driver/Inc -I../Drivers/STM32L4xx_HAL_Driver/Inc/Legacy -I../Drivers/CMSIS/Device/ST/STM32L4xx/Include -I../Drivers/CMSIS/Include -I"E:/RTOS workspace/RTOS_workspace/rtos_example/rtos_example/FreeRTOS/Source/include" -I"E:/RTOS workspace/RTOS_workspace/rtos_example/rtos_example/FreeRTOS/Source/portable/GCC/ARM_CM4F" -I"E:/RTOS workspace/RTOS_workspace/rtos_example/rtos_example/FreeRTOS/Source" -O0 -ffunction-sections -fdata-sections -Wall -fstack-usage -fcyclomatic-complexity -MMD -MP -MF"FreeRTOS/Source/portable/GCC/ARM_CM4F/port.d" -MT"FreeRTOS/Source/portable/GCC/ARM_CM4F/port.o" --specs=nano.specs -mfpu=fpv4-sp-d16 -mfloat-abi=hard -mthumb -o "FreeRTOS/Source/portable/GCC/ARM_CM4F/port.o"
arm-none-eabi-gcc "../FreeRTOS/Source/croutine.c" -mcpu=cortex-m4 -std=gnu11 -g3 -DDEBUG -DUSE_HAL_DRIVER -DSTM32L476xx -c -I../Core/Inc -I../Drivers/STM32L4xx_HAL_Driver/Inc -I../Drivers/STM32L4xx_HAL_Driver/Inc/Legacy -I../Drivers/CMSIS/Device/ST/STM32L4xx/Include -I../Drivers/CMSIS/Include -I"E:/RTOS workspace/RTOS_workspace/rtos_example/rtos_example/FreeRTOS/Source/include" -I"E:/RTOS workspace/RTOS_workspace/rtos_example/rtos_example/FreeRTOS/Source/portable/GCC/ARM_CM4F" -I"E:/RTOS workspace/RTOS_workspace/rtos_example/rtos_example/FreeRTOS/Source" -O0 -ffunction-sections -fdata-sections -Wall -fstack-usage -fcyclomatic-complexity -MMD -MP -MF"FreeRTOS/Source/croutine.d" -MT"FreeRTOS/Source/croutine.o" --specs=nano.specs -mfpu=fpv4-sp-d16 -mfloat-abi=hard -mthumb -o "FreeRTOS/Source/croutine.o"
arm-none-eabi-gcc "../FreeRTOS/Source/event_groups.c" -mcpu=cortex-m4 -std=gnu11 -g3 -DDEBUG -DUSE_HAL_DRIVER -DSTM32L476xx -c -I../Core/Inc -I../Drivers/STM32L4xx_HAL_Driver/Inc -I../Drivers/STM32L4xx_HAL_Driver/Inc/Legacy -I../Drivers/CMSIS/Device/ST/STM32L4xx/Include -I../Drivers/CMSIS/Include -I"E:/RTOS workspace/RTOS_workspace/rtos_example/rtos_example/FreeRTOS/Source/include" -I"E:/RTOS workspace/RTOS_workspace/rtos_example/rtos_example/FreeRTOS/Source/portable/GCC/ARM_CM4F" -I"E:/RTOS workspace/RTOS_workspace/rtos_example/rtos_example/FreeRTOS/Source" -O0 -ffunction-sections -fdata-sections -Wall -fstack-usage -fcyclomatic-complexity -MMD -MP -MF"FreeRTOS/Source/event_groups.d" -MT"FreeRTOS/Source/event_groups.o" --specs=nano.specs -mfpu=fpv4-sp-d16 -mfloat-abi=hard -mthumb -o "FreeRTOS/Source/event_groups.o"
arm-none-eabi-gcc "../FreeRTOS/Source/list.c" -mcpu=cortex-m4 -std=gnu11 -g3 -DDEBUG -DUSE_HAL_DRIVER -DSTM32L476xx -c -I../Core/Inc -I../Drivers/STM32L4xx_HAL_Driver/Inc -I../Drivers/STM32L4xx_HAL_Driver/Inc/Legacy -I../Drivers/CMSIS/Device/ST/STM32L4xx/Include -I../Drivers/CMSIS/Include -I"E:/RTOS workspace/RTOS_workspace/rtos_example/rtos_example/FreeRTOS/Source/include" -I"E:/RTOS workspace/RTOS_workspace/rtos_example/rtos_example/FreeRTOS/Source/portable/GCC/ARM_CM4F" -I"E:/RTOS workspace/RTOS_workspace/rtos_example/rtos_example/FreeRTOS/Source" -O0 -ffunction-sections -fdata-sections -Wall -fstack-usage -fcyclomatic-complexity -MMD -MP -MF"FreeRTOS/Source/list.d" -MT"FreeRTOS/Source/list.o" --specs=nano.specs -mfpu=fpv4-sp-d16 -mfloat-abi=hard -mthumb -o "FreeRTOS/Source/list.o"
arm-none-eabi-gcc "../FreeRTOS/Source/queue.c" -mcpu=cortex-m4 -std=gnu11 -g3 -DDEBUG -DUSE_HAL_DRIVER -DSTM32L476xx -c -I../Core/Inc -I../Drivers/STM32L4xx_HAL_Driver/Inc -I../Drivers/STM32L4xx_HAL_Driver/Inc/Legacy -I../Drivers/CMSIS/Device/ST/STM32L4xx/Include -I../Drivers/CMSIS/Include -I"E:/RTOS workspace/RTOS_workspace/rtos_example/rtos_example/FreeRTOS/Source/include" -I"E:/RTOS workspace/RTOS_workspace/rtos_example/rtos_example/FreeRTOS/Source/portable/GCC/ARM_CM4F" -I"E:/RTOS workspace/RTOS_workspace/rtos_example/rtos_example/FreeRTOS/Source" -O0 -ffunction-sections -fdata-sections -Wall -fstack-usage -fcyclomatic-complexity -MMD -MP -MF"FreeRTOS/Source/queue.d" -MT"FreeRTOS/Source/queue.o" --specs=nano.specs -mfpu=fpv4-sp-d16 -mfloat-abi=hard -mthumb -o "FreeRTOS/Source/queue.o"
arm-none-eabi-gcc "../FreeRTOS/Source/stream_buffer.c" -mcpu=cortex-m4 -std=gnu11 -g3 -DDEBUG -DUSE_HAL_DRIVER -DSTM32L476xx -c -I../Core/Inc -I../Drivers/STM32L4xx_HAL_Driver/Inc -I../Drivers/STM32L4xx_HAL_Driver/Inc/Legacy -I../Drivers/CMSIS/Device/ST/STM32L4xx/Include -I../Drivers/CMSIS/Include -I"E:/RTOS workspace/RTOS_workspace/rtos_example/rtos_example/FreeRTOS/Source/include" -I"E:/RTOS workspace/RTOS_workspace/rtos_example/rtos_example/FreeRTOS/Source/portable/GCC/ARM_CM4F" -I"E:/RTOS workspace/RTOS_workspace/rtos_example/rtos_example/FreeRTOS/Source" -O0 -ffunction-sections -fdata-sections -Wall -fstack-usage -fcyclomatic-complexity -MMD -MP -MF"FreeRTOS/Source/stream_buffer.d" -MT"FreeRTOS/Source/stream_buffer.o" --specs=nano.specs -mfpu=fpv4-sp-d16 -mfloat-abi=hard -mthumb -o "FreeRTOS/Source/stream_buffer.o"
arm-none-eabi-gcc "../FreeRTOS/Source/tasks.c" -mcpu=cortex-m4 -std=gnu11 -g3 -DDEBUG -DUSE_HAL_DRIVER -DSTM32L476xx -c -I../Core/Inc -I../Drivers/STM32L4xx_HAL_Driver/Inc -I../Drivers/STM32L4xx_HAL_Driver/Inc/Legacy -I../Drivers/CMSIS/Device/ST/STM32L4xx/Include -I../Drivers/CMSIS/Include -I"E:/RTOS workspace/RTOS_workspace/rtos_example/rtos_example/FreeRTOS/Source/include" -I"E:/RTOS workspace/RTOS_workspace/rtos_example/rtos_example/FreeRTOS/Source/portable/GCC/ARM_CM4F" -I"E:/RTOS workspace/RTOS_workspace/rtos_example/rtos_example/FreeRTOS/Source" -O0 -ffunction-sections -fdata-sections -Wall -fstack-usage -fcyclomatic-complexity -MMD -MP -MF"FreeRTOS/Source/tasks.d" -MT"FreeRTOS/Source/tasks.o" --specs=nano.specs -mfpu=fpv4-sp-d16 -mfloat-abi=hard -mthumb -o "FreeRTOS/Source/tasks.o"
In file included from ../FreeRTOS/Source/croutine.c:29:
E:/RTOS workspace/RTOS_workspace/rtos_example/rtos_example/FreeRTOS/Source/include/croutine.h:33:6: error: #error "include FreeRTOS.h must appear in source files before include croutine.h"
   33 |     #error "include FreeRTOS.h must appear in source files before include croutine.h"
      |      ^~~~~
E:/RTOS workspace/RTOS_workspace/rtos_example/rtos_example/FreeRTOS/Source/include/croutine.h:36:10: fatal error: ../../../FreeRTOS/include/list.h: No such file or directory
   36 | #include "../../../FreeRTOS/include/list.h"
      |          ^~~~~~~~~~~~~~~~~~~~~~~~~~~~~~~~~~
compilation terminated.
In file included from E:/RTOS workspace/RTOS_workspace/rtos_example/rtos_example/FreeRTOS/Source/include/FreeRTOS.h:65,
                 from ../FreeRTOS/Source/portable/GCC/ARM_CM4F/port.c:34:
E:/RTOS workspace/RTOS_workspace/rtos_example/rtos_example/FreeRTOS/Source/include/portable.h:46:10: fatal error: ../../../FreeRTOS/include/deprecated_definitions.h: No such file or directory
   46 | #include "../../../FreeRTOS/include/deprecated_definitions.h"
      |          ^~~~~~~~~~~~~~~~~~~~~~~~~~~~~~~~~~~~~~~~~~~~~~~~~~~~
compilation terminated.
In file included from E:/RTOS workspace/RTOS_workspace/rtos_example/rtos_example/FreeRTOS/Source/include/FreeRTOS.h:65,
                 from ../FreeRTOS/Source/event_groups.c:38:
E:/RTOS workspace/RTOS_workspace/rtos_example/rtos_example/FreeRTOS/Source/include/portable.h:46:10: fatal error: ../../../FreeRTOS/include/deprecated_definitions.h: No such file or directory
   46 | #include "../../../FreeRTOS/include/deprecated_definitions.h"
      |          ^~~~~~~~~~~~~~~~~~~~~~~~~~~~~~~~~~~~~~~~~~~~~~~~~~~~
compilation terminated.
make: *** [FreeRTOS/Source/subdir.mk:37: FreeRTOS/Source/croutine.o] Error 1
make: *** Waiting for unfinished jobs....
In file included from E:/RTOS workspace/RTOS_workspace/rtos_example/rtos_example/FreeRTOS/Source/include/FreeRTOS.h:65,
                 from ../FreeRTOS/Source/portable/MemMang/heap_4.c:44:
E:/RTOS workspace/RTOS_workspace/rtos_example/rtos_example/FreeRTOS/Source/include/portable.h:46:10: fatal error: ../../../FreeRTOS/include/deprecated_definitions.h: No such file or directory
   46 | #include "../../../FreeRTOS/include/deprecated_definitions.h"
      |          ^~~~~~~~~~~~~~~~~~~~~~~~~~~~~~~~~~~~~~~~~~~~~~~~~~~~
compilation terminated.
make: *** [FreeRTOS/Source/portable/GCC/ARM_CM4F/subdir.mk:19: FreeRTOS/Source/portable/GCC/ARM_CM4F/port.o] Error 1
make: *** [FreeRTOS/Source/subdir.mk:37: FreeRTOS/Source/event_groups.o] Error 1
../FreeRTOS/Source/list.c:37:10: fatal error: ../../FreeRTOS/include/FreeRTOS.h: No such file or directory
   37 | #include "../../FreeRTOS/include/FreeRTOS.h"
      |          ^~~~~~~~~~~~~~~~~~~~~~~~~~~~~~~~~~~
compilation terminated.
make: *** [FreeRTOS/Source/portable/MemMang/subdir.mk:19: FreeRTOS/Source/portable/MemMang/heap_4.o] Error 1
make: *** [FreeRTOS/Source/subdir.mk:37: FreeRTOS/Source/list.o] Error 1
In file included from E:/RTOS workspace/RTOS_workspace/rtos_example/rtos_example/FreeRTOS/Source/include/FreeRTOS.h:65,
                 from ../FreeRTOS/Source/stream_buffer.c:39:
E:/RTOS workspace/RTOS_workspace/rtos_example/rtos_example/FreeRTOS/Source/include/portable.h:46:10: fatal error: ../../../FreeRTOS/include/deprecated_definitions.h: No such file or directory
   46 | #include "../../../FreeRTOS/include/deprecated_definitions.h"
      |          ^~~~~~~~~~~~~~~~~~~~~~~~~~~~~~~~~~~~~~~~~~~~~~~~~~~~
compilation terminated.
../FreeRTOS/Source/tasks.c:39:10: fatal error: ../../FreeRTOS/include/FreeRTOS.h: No such file or directory
   39 | #include "../../FreeRTOS/include/FreeRTOS.h"
      |          ^~~~~~~~~~~~~~~~~~~~~~~~~~~~~~~~~~~
compilation terminated.
In file included from E:/RTOS workspace/RTOS_workspace/rtos_example/rtos_example/FreeRTOS/Source/include/FreeRTOS.h:65,
                 from ../FreeRTOS/Source/queue.c:37:
E:/RTOS workspace/RTOS_workspace/rtos_example/rtos_example/FreeRTOS/Source/include/portable.h:46:10: fatal error: ../../../FreeRTOS/include/deprecated_definitions.h: No such file or directory
   46 | #include "../../../FreeRTOS/include/deprecated_definitions.h"
      |          ^~~~~~~~~~~~~~~~~~~~~~~~~~~~~~~~~~~~~~~~~~~~~~~~~~~~
compilation terminated.
make: *** [FreeRTOS/Source/subdir.mk:37: FreeRTOS/Source/stream_buffer.o] Error 1
make: *** [FreeRTOS/Source/subdir.mk:37: FreeRTOS/Source/queue.o] Error 1
make: *** [FreeRTOS/Source/subdir.mk:37: FreeRTOS/Source/tasks.o] Error 1
"make -j8 all" terminated with exit code 2. Build might be incomplete.

08:33:08 Build Failed. 18 errors, 0 warnings. (took 706ms)

