10:51:50 **** Incremental Build of configuration Debug for project trial_1 ****
make -j8 all 
arm-none-eabi-gcc -o "trial_1.elf" @"objects.list"   -mcpu=cortex-m4 -T"E:\M.Tech\Sem2\minor_project\Workspace_minorspace\trial_1\STM32L476RGTX_FLASH.ld" --specs=nosys.specs -Wl,-Map="trial_1.map" -Wl,--gc-sections -static --specs=nano.specs -mfpu=fpv4-sp-d16 -mfloat-abi=hard -mthumb -Wl,--start-group -lc -lm -Wl,--end-group
c:\st\stm32cubeide_1.12.0\stm32cubeide\plugins\com.st.stm32cube.ide.mcu.externaltools.gnu-tools-for-stm32.10.3-2021.10.win32_1.0.200.202301161003\tools\arm-none-eabi\bin\ld.exe: ./Drivers/CMSIS/Device/ST/STM32L4xx/Source/Templates/system_stm32l4xx.o:E:/M.Tech/Sem2/minor_project/Workspace_minorspace/trial_1/Debug/../Drivers/CMSIS/Device/ST/STM32L4xx/Source/Templates/system_stm32l4xx.c:170: multiple definition of `SystemCoreClock'; ./Core/Src/system_stm32l4xx.o:E:/M.Tech/Sem2/minor_project/Workspace_minorspace/trial_1/Debug/../Core/Src/system_stm32l4xx.c:170: first defined here
c:\st\stm32cubeide_1.12.0\stm32cubeide\plugins\com.st.stm32cube.ide.mcu.externaltools.gnu-tools-for-stm32.10.3-2021.10.win32_1.0.200.202301161003\tools\arm-none-eabi\bin\ld.exe: ./Drivers/CMSIS/Device/ST/STM32L4xx/Source/Templates/system_stm32l4xx.o:E:/M.Tech/Sem2/minor_project/Workspace_minorspace/trial_1/Debug/../Drivers/CMSIS/Device/ST/STM32L4xx/Source/Templates/system_stm32l4xx.c:172: multiple definition of `AHBPrescTable'; ./Core/Src/system_stm32l4xx.o:E:/M.Tech/Sem2/minor_project/Workspace_minorspace/trial_1/Debug/../Core/Src/system_stm32l4xx.c:172: first defined here
c:\st\stm32cubeide_1.12.0\stm32cubeide\plugins\com.st.stm32cube.ide.mcu.externaltools.gnu-tools-for-stm32.10.3-2021.10.win32_1.0.200.202301161003\tools\arm-none-eabi\bin\ld.exe: ./Drivers/CMSIS/Device/ST/STM32L4xx/Source/Templates/system_stm32l4xx.o:E:/M.Tech/Sem2/minor_project/Workspace_minorspace/trial_1/Debug/../Drivers/CMSIS/Device/ST/STM32L4xx/Source/Templates/system_stm32l4xx.c:173: multiple definition of `APBPrescTable'; ./Core/Src/system_stm32l4xx.o:E:/M.Tech/Sem2/minor_project/Workspace_minorspace/trial_1/Debug/../Core/Src/system_stm32l4xx.c:173: first defined here
c:\st\stm32cubeide_1.12.0\stm32cubeide\plugins\com.st.stm32cube.ide.mcu.externaltools.gnu-tools-for-stm32.10.3-2021.10.win32_1.0.200.202301161003\tools\arm-none-eabi\bin\ld.exe: ./Drivers/CMSIS/Device/ST/STM32L4xx/Source/Templates/system_stm32l4xx.o:E:/M.Tech/Sem2/minor_project/Workspace_minorspace/trial_1/Debug/../Drivers/CMSIS/Device/ST/STM32L4xx/Source/Templates/system_stm32l4xx.c:174: multiple definition of `MSIRangeTable'; ./Core/Src/system_stm32l4xx.o:E:/M.Tech/Sem2/minor_project/Workspace_minorspace/trial_1/Debug/../Core/Src/system_stm32l4xx.c:174: first defined here
c:\st\stm32cubeide_1.12.0\stm32cubeide\plugins\com.st.stm32cube.ide.mcu.externaltools.gnu-tools-for-stm32.10.3-2021.10.win32_1.0.200.202301161003\tools\arm-none-eabi\bin\ld.exe: ./Drivers/CMSIS/Device/ST/STM32L4xx/Source/Templates/system_stm32l4xx.o: in function `SystemInit':
E:/M.Tech/Sem2/minor_project/Workspace_minorspace/trial_1/Debug/../Drivers/CMSIS/Device/ST/STM32L4xx/Source/Templates/system_stm32l4xx.c:198: multiple definition of `SystemInit'; ./Core/Src/system_stm32l4xx.o:E:/M.Tech/Sem2/minor_project/Workspace_minorspace/trial_1/Debug/../Core/Src/system_stm32l4xx.c:198: first defined here
c:\st\stm32cubeide_1.12.0\stm32cubeide\plugins\com.st.stm32cube.ide.mcu.externaltools.gnu-tools-for-stm32.10.3-2021.10.win32_1.0.200.202301161003\tools\arm-none-eabi\bin\ld.exe: ./Drivers/CMSIS/Device/ST/STM32L4xx/Source/Templates/system_stm32l4xx.o: in function `SystemCoreClockUpdate':
E:/M.Tech/Sem2/minor_project/Workspace_minorspace/trial_1/Debug/../Drivers/CMSIS/Device/ST/STM32L4xx/Source/Templates/system_stm32l4xx.c:252: multiple definition of `SystemCoreClockUpdate'; ./Core/Src/system_stm32l4xx.o:E:/M.Tech/Sem2/minor_project/Workspace_minorspace/trial_1/Debug/../Core/Src/system_stm32l4xx.c:252: first defined here
c:\st\stm32cubeide_1.12.0\stm32cubeide\plugins\com.st.stm32cube.ide.mcu.externaltools.gnu-tools-for-stm32.10.3-2021.10.win32_1.0.200.202301161003\tools\arm-none-eabi\bin\ld.exe: ./FreeRTOS/Source/portable/GCC/ARM_CM4F/port.o: in function `SVC_Handler':
E:/M.Tech/Sem2/minor_project/Workspace_minorspace/trial_1/Debug/../FreeRTOS/Source/portable/GCC/ARM_CM4F/port.c:249: multiple definition of `SVC_Handler'; ./Core/Src/stm32l4xx_it.o:E:/M.Tech/Sem2/minor_project/Workspace_minorspace/trial_1/Debug/../Core/Src/stm32l4xx_it.c:146: first defined here
c:\st\stm32cubeide_1.12.0\stm32cubeide\plugins\com.st.stm32cube.ide.mcu.externaltools.gnu-tools-for-stm32.10.3-2021.10.win32_1.0.200.202301161003\tools\arm-none-eabi\bin\ld.exe: ./FreeRTOS/Source/portable/GCC/ARM_CM4F/port.o: in function `PendSV_Handler':
E:/M.Tech/Sem2/minor_project/Workspace_minorspace/trial_1/Debug/../FreeRTOS/Source/portable/GCC/ARM_CM4F/port.c:443: multiple definition of `PendSV_Handler'; ./Core/Src/stm32l4xx_it.o:E:/M.Tech/Sem2/minor_project/Workspace_minorspace/trial_1/Debug/../Core/Src/stm32l4xx_it.c:172: first defined here
c:\st\stm32cubeide_1.12.0\stm32cubeide\plugins\com.st.stm32cube.ide.mcu.externaltools.gnu-tools-for-stm32.10.3-2021.10.win32_1.0.200.202301161003\tools\arm-none-eabi\bin\ld.exe: ./FreeRTOS/Source/portable/GCC/ARM_CM4F/port.o: in function `SysTick_Handler':
E:/M.Tech/Sem2/minor_project/Workspace_minorspace/trial_1/Debug/../FreeRTOS/Source/portable/GCC/ARM_CM4F/port.c:497: multiple definition of `SysTick_Handler'; ./Core/Src/stm32l4xx_it.o:E:/M.Tech/Sem2/minor_project/Workspace_minorspace/trial_1/Debug/../Core/Src/stm32l4xx_it.c:185: first defined here
collect2.exe: error: ld returned 1 exit status
make: *** [makefile:68: trial_1.elf] Error 1
"make -j8 all" terminated with exit code 2. Build might be incomplete.

10:51:51 Build Failed. 15 errors, 0 warnings. (took 461ms)

